2014/08/21 19:37:11 Starting cygwin install, version 2.850
2014/08/21 19:37:11 User has backup/restore rights
2014/08/21 19:37:11 io_stream_cygfile: fopen(/etc/setup/setup.rc) failed 2 No such file or directory
2014/08/21 19:37:11 Current Directory: C:\Program Files (x86)\Free Download Manager
2014/08/21 19:37:11 Could not open service McShield for query, start and stop. McAfee may not be installed, or we don't have access.
2014/08/21 19:37:22 source: network install
2014/08/21 19:37:25 root: C:\cygwin64 system
2014/08/21 19:37:52 Selected local directory: C:\Program Files (x86)\cygwin
2014/08/21 19:38:08 net: Direct
2014/08/21 19:38:22 site: http://mirrors.163.com/cygwin/
2014/08/21 19:38:30 io_stream_cygfile: fopen(/etc/setup/installed.db) failed 2 No such file or directory
2014/08/21 19:38:31 io_stream_cygfile: fopen(/etc/setup/timestamp) failed 2 No such file or directory
2014/08/21 19:39:07 Adding required dependency bzip2: Selecting version 1.0.6-2 for installation.
2014/08/21 19:39:07 Adding required dependency ca-certificates: Selecting version 1.97-2 for installation.
2014/08/21 19:39:07 Adding required dependency csih: Selecting version 0.9.7-1 for installation.
2014/08/21 19:39:07 Adding required dependency cygrunsrv: Selecting version 1.60-1 for installation.
2014/08/21 19:39:07 Adding required dependency cygwin-debuginfo: Selecting version 1.7.32-1 for installation.
2014/08/21 19:39:07 Adding required dependency diffutils: Selecting version 3.3-1 for installation.
2014/08/21 19:39:07 Adding required dependency groff: Selecting version 1.22.2-2 for installation.
2014/08/21 19:39:07 Adding required dependency less: Selecting version 458-1 for installation.
2014/08/21 19:39:07 Adding required dependency libargp: Selecting version 20110921-2 for installation.
2014/08/21 19:39:07 Adding required dependency libattr1: Selecting version 2.4.46-1 for installation.
2014/08/21 19:39:07 Adding required dependency libblkid1: Selecting version 2.24.2-1 for installation.
2014/08/21 19:39:07 Adding required dependency libbz2_1: Selecting version 1.0.6-2 for installation.
2014/08/21 19:39:07 Adding required dependency libcom_err2: Selecting version 1.42.10-1 for installation.
2014/08/21 19:39:07 Adding required dependency libcrypt0: Selecting version 1.1-1 for installation.
2014/08/21 19:39:07 Adding required dependency libedit0: Selecting version 20130712-1 for installation.
2014/08/21 19:39:07 Adding required dependency libffi6: Selecting version 3.0.13-1 for installation.
2014/08/21 19:39:07 Adding required dependency libgcc1: Selecting version 4.8.3-3 for installation.
2014/08/21 19:39:07 Adding required dependency libgdbm4: Selecting version 1.11-1 for installation.
2014/08/21 19:39:07 Adding required dependency libgmp10: Selecting version 6.0.0a-1 for installation.
2014/08/21 19:39:07 Adding required dependency libgssapi_krb5_2: Selecting version 1.12.1-2 for installation.
2014/08/21 19:39:07 Adding required dependency libiconv: Selecting version 1.14-1 for installation.
2014/08/21 19:39:07 Adding required dependency libiconv2: Selecting version 1.14-1 for installation.
2014/08/21 19:39:07 Adding required dependency libintl8: Selecting version 0.18.3.2-2 for installation.
2014/08/21 19:39:07 Adding required dependency libk5crypto3: Selecting version 1.12.1-2 for installation.
2014/08/21 19:39:07 Adding required dependency libkrb5support0: Selecting version 1.12.1-2 for installation.
2014/08/21 19:39:07 Adding required dependency libkrb5_3: Selecting version 1.12.1-2 for installation.
2014/08/21 19:39:07 Adding required dependency liblzma5: Selecting version 5.0.5-1 for installation.
2014/08/21 19:39:07 Adding required dependency libmpfr4: Selecting version 3.1.2-1 for installation.
2014/08/21 19:39:07 Adding required dependency libncursesw10: Selecting version 5.9-20140524-1 for installation.
2014/08/21 19:39:07 Adding required dependency libopenssl100: Selecting version 1.0.1i-1 for installation.
2014/08/21 19:39:07 Adding required dependency libp11-kit0: Selecting version 0.20.2-1 for installation.
2014/08/21 19:39:07 Adding required dependency libpcre1: Selecting version 8.34-1 for installation.
2014/08/21 19:39:07 Adding required dependency libpipeline1: Selecting version 1.3.0-3 for installation.
2014/08/21 19:39:07 Adding required dependency libpopt0: Selecting version 1.16-1 for installation.
2014/08/21 19:39:07 Adding required dependency libreadline7: Selecting version 6.2-1 for installation.
2014/08/21 19:39:07 Adding required dependency libssp0: Selecting version 4.8.3-3 for installation.
2014/08/21 19:39:07 Adding required dependency libstdc++6: Selecting version 4.8.3-3 for installation.
2014/08/21 19:39:07 Adding required dependency libtasn1_6: Selecting version 3.3-1 for installation.
2014/08/21 19:39:07 Adding required dependency libuuid1: Selecting version 2.24.2-1 for installation.
2014/08/21 19:39:07 Adding required dependency libwrap0: Selecting version 7.6-22 for installation.
2014/08/21 19:39:07 Adding required dependency lynx: Selecting version 2.8.7-2 for installation.
2014/08/21 19:39:07 Adding required dependency openssl-devel: Selecting version 1.0.1i-1 for installation.
2014/08/21 19:39:07 Adding required dependency p11-kit: Selecting version 0.20.2-1 for installation.
2014/08/21 19:39:07 Adding required dependency p11-kit-trust: Selecting version 0.20.2-1 for installation.
2014/08/21 19:39:07 Adding required dependency popt: Selecting version 1.16-1 for installation.
2014/08/21 19:39:07 Adding required dependency texinfo: Selecting version 5.2-1 for installation.
2014/08/21 19:39:07 Adding required dependency xz: Selecting version 5.0.5-1 for installation.
2014/08/21 19:39:07 Adding required dependency zlib-devel: Selecting version 1.2.8-1 for installation.
2014/08/21 19:39:07 Adding required dependency _autorebase: Selecting version 000205-1 for installation.
2014/08/21 19:39:07 Adding required dependency _update-info-dir: Selecting version 00308-1 for installation.
2014/08/21 19:39:09 Downloaded C:\Program Files (x86)\cygwin/http%3a%2f%2fmirrors.163.com%2fcygwin%2f/x86_64/release/_autorebase/_autorebase-000205-1.tar.bz2
2014/08/21 19:39:10 Downloaded C:\Program Files (x86)\cygwin/http%3a%2f%2fmirrors.163.com%2fcygwin%2f/x86_64/release/_update-info-dir/_update-info-dir-00308-1.tar.bz2
2014/08/21 19:39:14 Downloaded C:\Program Files (x86)\cygwin/http%3a%2f%2fmirrors.163.com%2fcygwin%2f/x86_64/release/alternatives/alternatives-1.3.30c-10.tar.bz2
2014/08/21 19:39:19 Downloaded C:\Program Files (x86)\cygwin/http%3a%2f%2fmirrors.163.com%2fcygwin%2f/x86_64/release/autossh/autossh-1.4c-1.tar.bz2
2014/08/21 19:39:21 Downloaded C:\Program Files (x86)\cygwin/http%3a%2f%2fmirrors.163.com%2fcygwin%2f/x86_64/release/base-cygwin/base-cygwin-3.3-1.tar.bz2
2014/08/21 19:39:26 Downloaded C:\Program Files (x86)\cygwin/http%3a%2f%2fmirrors.163.com%2fcygwin%2f/x86_64/release/base-files/base-files-4.2-3.tar.xz
2014/08/21 19:39:38 Downloaded C:\Program Files (x86)\cygwin/http%3a%2f%2fmirrors.163.com%2fcygwin%2f/x86_64/release/bash/bash-4.1.11-2.tar.bz2
2014/08/21 19:39:45 Downloaded C:\Program Files (x86)\cygwin/http%3a%2f%2fmirrors.163.com%2fcygwin%2f/x86_64/release/bzip2/bzip2-1.0.6-2.tar.bz2
2014/08/21 19:40:00 Downloaded C:\Program Files (x86)\cygwin/http%3a%2f%2fmirrors.163.com%2fcygwin%2f/x86_64/release/ca-certificates/ca-certificates-1.97-2.tar.xz
2014/08/21 19:40:32 Downloaded C:\Program Files (x86)\cygwin/http%3a%2f%2fmirrors.163.com%2fcygwin%2f/x86_64/release/coreutils/coreutils-8.23-2.tar.xz
2014/08/21 19:40:39 Downloaded C:\Program Files (x86)\cygwin/http%3a%2f%2fmirrors.163.com%2fcygwin%2f/x86_64/release/csih/csih-0.9.7-1.tar.bz2
2014/08/21 19:40:43 Downloaded C:\Program Files (x86)\cygwin/http%3a%2f%2fmirrors.163.com%2fcygwin%2f/x86_64/release/cygrunsrv/cygrunsrv-1.60-1.tar.xz
2014/08/21 19:40:52 Downloaded C:\Program Files (x86)\cygwin/http%3a%2f%2fmirrors.163.com%2fcygwin%2f/x86_64/release/cygutils/cygutils-1.4.14-1.tar.bz2
2014/08/21 19:41:18 Downloaded C:\Program Files (x86)\cygwin/http%3a%2f%2fmirrors.163.com%2fcygwin%2f/x86_64/release/cygwin/cygwin-1.7.32-1.tar.xz
2014/08/21 19:41:55 Downloaded C:\Program Files (x86)\cygwin/http%3a%2f%2fmirrors.163.com%2fcygwin%2f/x86_64/release/cygwin/cygwin-debuginfo/cygwin-debuginfo-1.7.32-1.tar.xz
2014/08/21 19:42:00 Downloaded C:\Program Files (x86)\cygwin/http%3a%2f%2fmirrors.163.com%2fcygwin%2f/x86_64/release/dash/dash-0.5.7-4.tar.bz2
2014/08/21 19:42:08 Downloaded C:\Program Files (x86)\cygwin/http%3a%2f%2fmirrors.163.com%2fcygwin%2f/x86_64/release/diffutils/diffutils-3.3-1.tar.bz2
2014/08/21 19:42:11 Downloaded C:\Program Files (x86)\cygwin/http%3a%2f%2fmirrors.163.com%2fcygwin%2f/x86_64/release/editrights/editrights-1.02-1.tar.bz2
2014/08/21 19:42:18 Downloaded C:\Program Files (x86)\cygwin/http%3a%2f%2fmirrors.163.com%2fcygwin%2f/x86_64/release/file/file-5.19-1.tar.xz
2014/08/21 19:42:27 Downloaded C:\Program Files (x86)\cygwin/http%3a%2f%2fmirrors.163.com%2fcygwin%2f/x86_64/release/findutils/findutils-4.5.12-1.tar.xz
2014/08/21 19:42:40 Downloaded C:\Program Files (x86)\cygwin/http%3a%2f%2fmirrors.163.com%2fcygwin%2f/x86_64/release/gawk/gawk-4.1.1-1.tar.xz
2014/08/21 19:42:45 Downloaded C:\Program Files (x86)\cygwin/http%3a%2f%2fmirrors.163.com%2fcygwin%2f/x86_64/release/getent/getent-2.18.90-2.tar.xz
2014/08/21 19:42:54 Downloaded C:\Program Files (x86)\cygwin/http%3a%2f%2fmirrors.163.com%2fcygwin%2f/x86_64/release/grep/grep-2.16-1.tar.xz
2014/08/21 19:43:10 Downloaded C:\Program Files (x86)\cygwin/http%3a%2f%2fmirrors.163.com%2fcygwin%2f/x86_64/release/groff/groff-1.22.2-2.tar.xz
2014/08/21 19:43:16 Downloaded C:\Program Files (x86)\cygwin/http%3a%2f%2fmirrors.163.com%2fcygwin%2f/x86_64/release/gzip/gzip-1.4-1.tar.bz2
2014/08/21 19:43:18 Downloaded C:\Program Files (x86)\cygwin/http%3a%2f%2fmirrors.163.com%2fcygwin%2f/x86_64/release/hostname/hostname-3.13-1.tar.bz2
2014/08/21 19:43:20 Downloaded C:\Program Files (x86)\cygwin/http%3a%2f%2fmirrors.163.com%2fcygwin%2f/x86_64/release/ipc-utils/ipc-utils-1.0-2.tar.bz2
2014/08/21 19:43:37 Downloaded C:\Program Files (x86)\cygwin/http%3a%2f%2fmirrors.163.com%2fcygwin%2f/x86_64/release/less/less-458-1.tar.bz2
2014/08/21 19:43:40 Downloaded C:\Program Files (x86)\cygwin/http%3a%2f%2fmirrors.163.com%2fcygwin%2f/x86_64/release/libargp/libargp-20110921-2.tar.bz2
2014/08/21 19:43:42 Downloaded C:\Program Files (x86)\cygwin/http%3a%2f%2fmirrors.163.com%2fcygwin%2f/x86_64/release/attr/libattr1/libattr1-2.4.46-1.tar.bz2
2014/08/21 19:43:46 Downloaded C:\Program Files (x86)\cygwin/http%3a%2f%2fmirrors.163.com%2fcygwin%2f/x86_64/release/util-linux/libblkid1/libblkid1-2.24.2-1.tar.xz
2014/08/21 19:43:49 Downloaded C:\Program Files (x86)\cygwin/http%3a%2f%2fmirrors.163.com%2fcygwin%2f/x86_64/release/bzip2/libbz2_1/libbz2_1-1.0.6-2.tar.bz2
2014/08/21 19:43:51 Downloaded C:\Program Files (x86)\cygwin/http%3a%2f%2fmirrors.163.com%2fcygwin%2f/x86_64/release/e2fsprogs/libcom_err2/libcom_err2-1.42.10-1.tar.xz
2014/08/21 19:43:53 Downloaded C:\Program Files (x86)\cygwin/http%3a%2f%2fmirrors.163.com%2fcygwin%2f/x86_64/release/crypt/libcrypt0/libcrypt0-1.1-1.tar.bz2
2014/08/21 19:43:57 Downloaded C:\Program Files (x86)\cygwin/http%3a%2f%2fmirrors.163.com%2fcygwin%2f/x86_64/release/libedit/libedit0/libedit0-20130712-1.tar.xz
2014/08/21 19:43:59 Downloaded C:\Program Files (x86)\cygwin/http%3a%2f%2fmirrors.163.com%2fcygwin%2f/x86_64/release/libffi/libffi6/libffi6-3.0.13-1.tar.bz2
2014/08/21 19:44:06 Downloaded C:\Program Files (x86)\cygwin/http%3a%2f%2fmirrors.163.com%2fcygwin%2f/x86_64/release/gcc/libgcc1/libgcc1-4.8.3-3.tar.xz
2014/08/21 19:44:08 Downloaded C:\Program Files (x86)\cygwin/http%3a%2f%2fmirrors.163.com%2fcygwin%2f/x86_64/release/gdbm/libgdbm4/libgdbm4-1.11-1.tar.xz
2014/08/21 19:44:15 Downloaded C:\Program Files (x86)\cygwin/http%3a%2f%2fmirrors.163.com%2fcygwin%2f/x86_64/release/gmp/libgmp10/libgmp10-6.0.0a-1.tar.xz
2014/08/21 19:44:22 Downloaded C:\Program Files (x86)\cygwin/http%3a%2f%2fmirrors.163.com%2fcygwin%2f/x86_64/release/krb5/libgssapi_krb5_2/libgssapi_krb5_2-1.12.1-2.tar.xz
2014/08/21 19:44:26 Downloaded C:\Program Files (x86)\cygwin/http%3a%2f%2fmirrors.163.com%2fcygwin%2f/x86_64/release/libiconv/libiconv-1.14-1.tar.bz2
2014/08/21 19:44:35 Downloaded C:\Program Files (x86)\cygwin/http%3a%2f%2fmirrors.163.com%2fcygwin%2f/x86_64/release/libiconv/libiconv2/libiconv2-1.14-1.tar.bz2
2014/08/21 19:44:38 Downloaded C:\Program Files (x86)\cygwin/http%3a%2f%2fmirrors.163.com%2fcygwin%2f/x86_64/release/gettext/libintl8/libintl8-0.18.3.2-2.tar.xz
2014/08/21 19:44:41 Downloaded C:\Program Files (x86)\cygwin/http%3a%2f%2fmirrors.163.com%2fcygwin%2f/x86_64/release/krb5/libk5crypto3/libk5crypto3-1.12.1-2.tar.xz
2014/08/21 19:44:46 Downloaded C:\Program Files (x86)\cygwin/http%3a%2f%2fmirrors.163.com%2fcygwin%2f/x86_64/release/krb5/libkrb5_3/libkrb5_3-1.12.1-2.tar.xz
2014/08/21 19:44:48 Downloaded C:\Program Files (x86)\cygwin/http%3a%2f%2fmirrors.163.com%2fcygwin%2f/x86_64/release/krb5/libkrb5support0/libkrb5support0-1.12.1-2.tar.xz
2014/08/21 19:44:51 Downloaded C:\Program Files (x86)\cygwin/http%3a%2f%2fmirrors.163.com%2fcygwin%2f/x86_64/release/xz/liblzma5/liblzma5-5.0.5-1.tar.xz
2014/08/21 19:44:56 Downloaded C:\Program Files (x86)\cygwin/http%3a%2f%2fmirrors.163.com%2fcygwin%2f/x86_64/release/mpfr/libmpfr4/libmpfr4-3.1.2-1.tar.bz2
2014/08/21 19:45:03 Downloaded C:\Program Files (x86)\cygwin/http%3a%2f%2fmirrors.163.com%2fcygwin%2f/x86_64/release/ncurses/libncursesw10/libncursesw10-5.9-20140524-1.tar.xz
2014/08/21 19:45:11 Downloaded C:\Program Files (x86)\cygwin/http%3a%2f%2fmirrors.163.com%2fcygwin%2f/x86_64/release/openssl/libopenssl100/libopenssl100-1.0.1i-1.tar.xz
2014/08/21 19:45:16 Downloaded C:\Program Files (x86)\cygwin/http%3a%2f%2fmirrors.163.com%2fcygwin%2f/x86_64/release/p11-kit/libp11-kit0/libp11-kit0-0.20.2-1.tar.xz
2014/08/21 19:45:23 Downloaded C:\Program Files (x86)\cygwin/http%3a%2f%2fmirrors.163.com%2fcygwin%2f/x86_64/release/pcre/libpcre1/libpcre1-8.34-1.tar.xz
2014/08/21 19:45:25 Downloaded C:\Program Files (x86)\cygwin/http%3a%2f%2fmirrors.163.com%2fcygwin%2f/x86_64/release/libpipeline/libpipeline1/libpipeline1-1.3.0-3.tar.xz
2014/08/21 19:45:26 Downloaded C:\Program Files (x86)\cygwin/http%3a%2f%2fmirrors.163.com%2fcygwin%2f/x86_64/release/popt/libpopt0/libpopt0-1.16-1.tar.xz
2014/08/21 19:45:30 Downloaded C:\Program Files (x86)\cygwin/http%3a%2f%2fmirrors.163.com%2fcygwin%2f/x86_64/release/readline/libreadline7/libreadline7-6.2-1.tar.bz2
2014/08/21 19:45:39 Downloaded C:\Program Files (x86)\cygwin/http%3a%2f%2fmirrors.163.com%2fcygwin%2f/x86_64/release/libssh2/libssh2-debuginfo/libssh2-debuginfo-1.4.2-1.tar.bz2
2014/08/21 19:45:46 Downloaded C:\Program Files (x86)\cygwin/http%3a%2f%2fmirrors.163.com%2fcygwin%2f/x86_64/release/libssh2/libssh2-devel/libssh2-devel-1.4.2-1.tar.bz2
2014/08/21 19:45:55 Downloaded C:\Program Files (x86)\cygwin/http%3a%2f%2fmirrors.163.com%2fcygwin%2f/x86_64/release/libssh2/libssh2_1/libssh2_1-1.4.2-1.tar.bz2
2014/08/21 19:45:56 Downloaded C:\Program Files (x86)\cygwin/http%3a%2f%2fmirrors.163.com%2fcygwin%2f/x86_64/release/gcc/libssp0/libssp0-4.8.3-3.tar.xz
2014/08/21 19:46:06 Downloaded C:\Program Files (x86)\cygwin/http%3a%2f%2fmirrors.163.com%2fcygwin%2f/x86_64/release/gcc/libstdc++6/libstdc++6-4.8.3-3.tar.xz
2014/08/21 19:46:10 Downloaded C:\Program Files (x86)\cygwin/http%3a%2f%2fmirrors.163.com%2fcygwin%2f/x86_64/release/libtasn1/libtasn1_6/libtasn1_6-3.3-1.tar.bz2
2014/08/21 19:46:12 Downloaded C:\Program Files (x86)\cygwin/http%3a%2f%2fmirrors.163.com%2fcygwin%2f/x86_64/release/util-linux/libuuid1/libuuid1-2.24.2-1.tar.xz
2014/08/21 19:46:15 Downloaded C:\Program Files (x86)\cygwin/http%3a%2f%2fmirrors.163.com%2fcygwin%2f/x86_64/release/tcp_wrappers/libwrap0/libwrap0-7.6-22.tar.xz
2014/08/21 19:46:20 Downloaded C:\Program Files (x86)\cygwin/http%3a%2f%2fmirrors.163.com%2fcygwin%2f/x86_64/release/login/login-1.10-10.tar.bz2
2014/08/21 19:46:40 Downloaded C:\Program Files (x86)\cygwin/http%3a%2f%2fmirrors.163.com%2fcygwin%2f/x86_64/release/lynx/lynx-2.8.7-2.tar.bz2
2014/08/21 19:46:53 Downloaded C:\Program Files (x86)\cygwin/http%3a%2f%2fmirrors.163.com%2fcygwin%2f/x86_64/release/man-db/man-db-2.6.7-2.tar.xz
2014/08/21 19:47:00 Downloaded C:\Program Files (x86)\cygwin/http%3a%2f%2fmirrors.163.com%2fcygwin%2f/x86_64/release/mintty/mintty-1.2-beta1-1.tar.bz2
2014/08/21 19:47:12 Downloaded C:\Program Files (x86)\cygwin/http%3a%2f%2fmirrors.163.com%2fcygwin%2f/x86_64/release/openssh/openssh-6.6.1p1-3.tar.xz
2014/08/21 19:47:29 Downloaded C:\Program Files (x86)\cygwin/http%3a%2f%2fmirrors.163.com%2fcygwin%2f/x86_64/release/openssh/openssh-6.6.1p1-3-src.tar.xz
2014/08/21 19:47:53 Downloaded C:\Program Files (x86)\cygwin/http%3a%2f%2fmirrors.163.com%2fcygwin%2f/x86_64/release/openssh/openssh-debuginfo/openssh-debuginfo-6.6.1p1-3.tar.xz
2014/08/21 19:48:36 Downloaded C:\Program Files (x86)\cygwin/http%3a%2f%2fmirrors.163.com%2fcygwin%2f/x86_64/release/openssl/openssl-devel/openssl-devel-1.0.1i-1.tar.xz
2014/08/21 19:48:41 Downloaded C:\Program Files (x86)\cygwin/http%3a%2f%2fmirrors.163.com%2fcygwin%2f/x86_64/release/p11-kit/p11-kit-0.20.2-1.tar.xz
2014/08/21 19:48:46 Downloaded C:\Program Files (x86)\cygwin/http%3a%2f%2fmirrors.163.com%2fcygwin%2f/x86_64/release/p11-kit/p11-kit-trust/p11-kit-trust-0.20.2-1.tar.xz
2014/08/21 19:48:51 Downloaded C:\Program Files (x86)\cygwin/http%3a%2f%2fmirrors.163.com%2fcygwin%2f/x86_64/release/popt/popt-1.16-1.tar.xz
2014/08/21 19:49:02 Downloaded C:\Program Files (x86)\cygwin/http%3a%2f%2fmirrors.163.com%2fcygwin%2f/x86_64/release/rebase/rebase-4.4.1-1.tar.bz2
2014/08/21 19:49:11 Downloaded C:\Program Files (x86)\cygwin/http%3a%2f%2fmirrors.163.com%2fcygwin%2f/x86_64/release/run/run-1.3.1-1.tar.xz
2014/08/21 19:49:19 Downloaded C:\Program Files (x86)\cygwin/http%3a%2f%2fmirrors.163.com%2fcygwin%2f/x86_64/release/sed/sed-4.2.2-3.tar.bz2
2014/08/21 19:49:31 Downloaded C:\Program Files (x86)\cygwin/http%3a%2f%2fmirrors.163.com%2fcygwin%2f/x86_64/release/tar/tar-1.27.1-1.tar.xz
2014/08/21 19:49:35 Downloaded C:\Program Files (x86)\cygwin/http%3a%2f%2fmirrors.163.com%2fcygwin%2f/x86_64/release/ncurses/terminfo/terminfo-5.9-20140524-1.tar.xz
2014/08/21 19:49:47 Downloaded C:\Program Files (x86)\cygwin/http%3a%2f%2fmirrors.163.com%2fcygwin%2f/x86_64/release/texinfo/texinfo-5.2-1.tar.xz
2014/08/21 19:50:03 Downloaded C:\Program Files (x86)\cygwin/http%3a%2f%2fmirrors.163.com%2fcygwin%2f/x86_64/release/tzcode/tzcode-2013c-1.tar.bz2
2014/08/21 19:50:14 Downloaded C:\Program Files (x86)\cygwin/http%3a%2f%2fmirrors.163.com%2fcygwin%2f/x86_64/release/util-linux/util-linux-2.24.2-1.tar.xz
2014/08/21 19:50:20 Downloaded C:\Program Files (x86)\cygwin/http%3a%2f%2fmirrors.163.com%2fcygwin%2f/x86_64/release/vim/vim-minimal/vim-minimal-7.4.335-1.tar.xz
2014/08/21 19:50:35 Downloaded C:\Program Files (x86)\cygwin/http%3a%2f%2fmirrors.163.com%2fcygwin%2f/x86_64/release/which/which-2.20-2.tar.bz2
2014/08/21 19:50:37 Downloaded C:\Program Files (x86)\cygwin/http%3a%2f%2fmirrors.163.com%2fcygwin%2f/x86_64/release/windows-default-manifest/windows-default-manifest-6.3-1.tar.xz
2014/08/21 19:50:44 Downloaded C:\Program Files (x86)\cygwin/http%3a%2f%2fmirrors.163.com%2fcygwin%2f/x86_64/release/xz/xz-5.0.5-1.tar.xz
2014/08/21 19:50:49 Downloaded C:\Program Files (x86)\cygwin/http%3a%2f%2fmirrors.163.com%2fcygwin%2f/x86_64/release/zlib/zlib-devel/zlib-devel-1.2.8-1.tar.bz2
2014/08/21 19:50:53 Downloaded C:\Program Files (x86)\cygwin/http%3a%2f%2fmirrors.163.com%2fcygwin%2f/x86_64/release/zlib/zlib0/zlib0-1.2.8-1.tar.bz2
2014/08/21 19:50:55 Extracting from file://C:\Program Files (x86)\cygwin/http%3a%2f%2fmirrors.163.com%2fcygwin%2f/x86_64/release/_autorebase/_autorebase-000205-1.tar.bz2
2014/08/21 19:50:55 Extracting from file://C:\Program Files (x86)\cygwin/http%3a%2f%2fmirrors.163.com%2fcygwin%2f/x86_64/release/_update-info-dir/_update-info-dir-00308-1.tar.bz2
2014/08/21 19:50:55 Extracting from file://C:\Program Files (x86)\cygwin/http%3a%2f%2fmirrors.163.com%2fcygwin%2f/x86_64/release/alternatives/alternatives-1.3.30c-10.tar.bz2
2014/08/21 19:50:55 Extracting from file://C:\Program Files (x86)\cygwin/http%3a%2f%2fmirrors.163.com%2fcygwin%2f/x86_64/release/autossh/autossh-1.4c-1.tar.bz2
2014/08/21 19:50:55 Extracting from file://C:\Program Files (x86)\cygwin/http%3a%2f%2fmirrors.163.com%2fcygwin%2f/x86_64/release/base-cygwin/base-cygwin-3.3-1.tar.bz2
2014/08/21 19:50:55 Extracting from file://C:\Program Files (x86)\cygwin/http%3a%2f%2fmirrors.163.com%2fcygwin%2f/x86_64/release/base-files/base-files-4.2-3.tar.xz
2014/08/21 19:50:56 Extracting from file://C:\Program Files (x86)\cygwin/http%3a%2f%2fmirrors.163.com%2fcygwin%2f/x86_64/release/bash/bash-4.1.11-2.tar.bz2
2014/08/21 19:50:57 Extracting from file://C:\Program Files (x86)\cygwin/http%3a%2f%2fmirrors.163.com%2fcygwin%2f/x86_64/release/bzip2/bzip2-1.0.6-2.tar.bz2
2014/08/21 19:50:57 Extracting from file://C:\Program Files (x86)\cygwin/http%3a%2f%2fmirrors.163.com%2fcygwin%2f/x86_64/release/ca-certificates/ca-certificates-1.97-2.tar.xz
2014/08/21 19:50:57 Extracting from file://C:\Program Files (x86)\cygwin/http%3a%2f%2fmirrors.163.com%2fcygwin%2f/x86_64/release/coreutils/coreutils-8.23-2.tar.xz
2014/08/21 19:50:59 Extracting from file://C:\Program Files (x86)\cygwin/http%3a%2f%2fmirrors.163.com%2fcygwin%2f/x86_64/release/csih/csih-0.9.7-1.tar.bz2
2014/08/21 19:50:59 Extracting from file://C:\Program Files (x86)\cygwin/http%3a%2f%2fmirrors.163.com%2fcygwin%2f/x86_64/release/cygrunsrv/cygrunsrv-1.60-1.tar.xz
2014/08/21 19:50:59 Extracting from file://C:\Program Files (x86)\cygwin/http%3a%2f%2fmirrors.163.com%2fcygwin%2f/x86_64/release/cygutils/cygutils-1.4.14-1.tar.bz2
2014/08/21 19:50:59 Extracting from file://C:\Program Files (x86)\cygwin/http%3a%2f%2fmirrors.163.com%2fcygwin%2f/x86_64/release/cygwin/cygwin-1.7.32-1.tar.xz
2014/08/21 19:51:01 Extracting from file://C:\Program Files (x86)\cygwin/http%3a%2f%2fmirrors.163.com%2fcygwin%2f/x86_64/release/cygwin/cygwin-debuginfo/cygwin-debuginfo-1.7.32-1.tar.xz
2014/08/21 19:51:05 Extracting from file://C:\Program Files (x86)\cygwin/http%3a%2f%2fmirrors.163.com%2fcygwin%2f/x86_64/release/dash/dash-0.5.7-4.tar.bz2
2014/08/21 19:51:05 Extracting from file://C:\Program Files (x86)\cygwin/http%3a%2f%2fmirrors.163.com%2fcygwin%2f/x86_64/release/diffutils/diffutils-3.3-1.tar.bz2
2014/08/21 19:51:06 Extracting from file://C:\Program Files (x86)\cygwin/http%3a%2f%2fmirrors.163.com%2fcygwin%2f/x86_64/release/editrights/editrights-1.02-1.tar.bz2
2014/08/21 19:51:06 Extracting from file://C:\Program Files (x86)\cygwin/http%3a%2f%2fmirrors.163.com%2fcygwin%2f/x86_64/release/file/file-5.19-1.tar.xz
2014/08/21 19:51:06 Extracting from file://C:\Program Files (x86)\cygwin/http%3a%2f%2fmirrors.163.com%2fcygwin%2f/x86_64/release/findutils/findutils-4.5.12-1.tar.xz
2014/08/21 19:51:06 Extracting from file://C:\Program Files (x86)\cygwin/http%3a%2f%2fmirrors.163.com%2fcygwin%2f/x86_64/release/gawk/gawk-4.1.1-1.tar.xz
2014/08/21 19:51:07 Extracting from file://C:\Program Files (x86)\cygwin/http%3a%2f%2fmirrors.163.com%2fcygwin%2f/x86_64/release/getent/getent-2.18.90-2.tar.xz
2014/08/21 19:51:07 Extracting from file://C:\Program Files (x86)\cygwin/http%3a%2f%2fmirrors.163.com%2fcygwin%2f/x86_64/release/grep/grep-2.16-1.tar.xz
2014/08/21 19:51:07 Extracting from file://C:\Program Files (x86)\cygwin/http%3a%2f%2fmirrors.163.com%2fcygwin%2f/x86_64/release/groff/groff-1.22.2-2.tar.xz
2014/08/21 19:51:11 Extracting from file://C:\Program Files (x86)\cygwin/http%3a%2f%2fmirrors.163.com%2fcygwin%2f/x86_64/release/gzip/gzip-1.4-1.tar.bz2
2014/08/21 19:51:11 Extracting from file://C:\Program Files (x86)\cygwin/http%3a%2f%2fmirrors.163.com%2fcygwin%2f/x86_64/release/hostname/hostname-3.13-1.tar.bz2
2014/08/21 19:51:11 Extracting from file://C:\Program Files (x86)\cygwin/http%3a%2f%2fmirrors.163.com%2fcygwin%2f/x86_64/release/ipc-utils/ipc-utils-1.0-2.tar.bz2
2014/08/21 19:51:11 Extracting from file://C:\Program Files (x86)\cygwin/http%3a%2f%2fmirrors.163.com%2fcygwin%2f/x86_64/release/less/less-458-1.tar.bz2
2014/08/21 19:51:11 Extracting from file://C:\Program Files (x86)\cygwin/http%3a%2f%2fmirrors.163.com%2fcygwin%2f/x86_64/release/libargp/libargp-20110921-2.tar.bz2
2014/08/21 19:51:11 Extracting from file://C:\Program Files (x86)\cygwin/http%3a%2f%2fmirrors.163.com%2fcygwin%2f/x86_64/release/attr/libattr1/libattr1-2.4.46-1.tar.bz2
2014/08/21 19:51:11 Extracting from file://C:\Program Files (x86)\cygwin/http%3a%2f%2fmirrors.163.com%2fcygwin%2f/x86_64/release/util-linux/libblkid1/libblkid1-2.24.2-1.tar.xz
2014/08/21 19:51:11 Extracting from file://C:\Program Files (x86)\cygwin/http%3a%2f%2fmirrors.163.com%2fcygwin%2f/x86_64/release/bzip2/libbz2_1/libbz2_1-1.0.6-2.tar.bz2
2014/08/21 19:51:11 Extracting from file://C:\Program Files (x86)\cygwin/http%3a%2f%2fmirrors.163.com%2fcygwin%2f/x86_64/release/e2fsprogs/libcom_err2/libcom_err2-1.42.10-1.tar.xz
2014/08/21 19:51:11 Extracting from file://C:\Program Files (x86)\cygwin/http%3a%2f%2fmirrors.163.com%2fcygwin%2f/x86_64/release/crypt/libcrypt0/libcrypt0-1.1-1.tar.bz2
2014/08/21 19:51:11 Extracting from file://C:\Program Files (x86)\cygwin/http%3a%2f%2fmirrors.163.com%2fcygwin%2f/x86_64/release/libedit/libedit0/libedit0-20130712-1.tar.xz
2014/08/21 19:51:12 Extracting from file://C:\Program Files (x86)\cygwin/http%3a%2f%2fmirrors.163.com%2fcygwin%2f/x86_64/release/libffi/libffi6/libffi6-3.0.13-1.tar.bz2
2014/08/21 19:51:12 Extracting from file://C:\Program Files (x86)\cygwin/http%3a%2f%2fmirrors.163.com%2fcygwin%2f/x86_64/release/gcc/libgcc1/libgcc1-4.8.3-3.tar.xz
2014/08/21 19:51:12 Extracting from file://C:\Program Files (x86)\cygwin/http%3a%2f%2fmirrors.163.com%2fcygwin%2f/x86_64/release/gdbm/libgdbm4/libgdbm4-1.11-1.tar.xz
2014/08/21 19:51:12 Extracting from file://C:\Program Files (x86)\cygwin/http%3a%2f%2fmirrors.163.com%2fcygwin%2f/x86_64/release/gmp/libgmp10/libgmp10-6.0.0a-1.tar.xz
2014/08/21 19:51:12 Extracting from file://C:\Program Files (x86)\cygwin/http%3a%2f%2fmirrors.163.com%2fcygwin%2f/x86_64/release/krb5/libgssapi_krb5_2/libgssapi_krb5_2-1.12.1-2.tar.xz
2014/08/21 19:51:12 Extracting from file://C:\Program Files (x86)\cygwin/http%3a%2f%2fmirrors.163.com%2fcygwin%2f/x86_64/release/libiconv/libiconv-1.14-1.tar.bz2
2014/08/21 19:51:12 Extracting from file://C:\Program Files (x86)\cygwin/http%3a%2f%2fmirrors.163.com%2fcygwin%2f/x86_64/release/libiconv/libiconv2/libiconv2-1.14-1.tar.bz2
2014/08/21 19:51:12 Extracting from file://C:\Program Files (x86)\cygwin/http%3a%2f%2fmirrors.163.com%2fcygwin%2f/x86_64/release/gettext/libintl8/libintl8-0.18.3.2-2.tar.xz
2014/08/21 19:51:12 Extracting from file://C:\Program Files (x86)\cygwin/http%3a%2f%2fmirrors.163.com%2fcygwin%2f/x86_64/release/krb5/libk5crypto3/libk5crypto3-1.12.1-2.tar.xz
2014/08/21 19:51:12 Extracting from file://C:\Program Files (x86)\cygwin/http%3a%2f%2fmirrors.163.com%2fcygwin%2f/x86_64/release/krb5/libkrb5_3/libkrb5_3-1.12.1-2.tar.xz
2014/08/21 19:51:12 Extracting from file://C:\Program Files (x86)\cygwin/http%3a%2f%2fmirrors.163.com%2fcygwin%2f/x86_64/release/krb5/libkrb5support0/libkrb5support0-1.12.1-2.tar.xz
2014/08/21 19:51:12 Extracting from file://C:\Program Files (x86)\cygwin/http%3a%2f%2fmirrors.163.com%2fcygwin%2f/x86_64/release/xz/liblzma5/liblzma5-5.0.5-1.tar.xz
2014/08/21 19:51:12 Extracting from file://C:\Program Files (x86)\cygwin/http%3a%2f%2fmirrors.163.com%2fcygwin%2f/x86_64/release/mpfr/libmpfr4/libmpfr4-3.1.2-1.tar.bz2
2014/08/21 19:51:12 Extracting from file://C:\Program Files (x86)\cygwin/http%3a%2f%2fmirrors.163.com%2fcygwin%2f/x86_64/release/ncurses/libncursesw10/libncursesw10-5.9-20140524-1.tar.xz
2014/08/21 19:51:12 Extracting from file://C:\Program Files (x86)\cygwin/http%3a%2f%2fmirrors.163.com%2fcygwin%2f/x86_64/release/openssl/libopenssl100/libopenssl100-1.0.1i-1.tar.xz
2014/08/21 19:51:12 Extracting from file://C:\Program Files (x86)\cygwin/http%3a%2f%2fmirrors.163.com%2fcygwin%2f/x86_64/release/p11-kit/libp11-kit0/libp11-kit0-0.20.2-1.tar.xz
2014/08/21 19:51:12 Extracting from file://C:\Program Files (x86)\cygwin/http%3a%2f%2fmirrors.163.com%2fcygwin%2f/x86_64/release/pcre/libpcre1/libpcre1-8.34-1.tar.xz
2014/08/21 19:51:13 Extracting from file://C:\Program Files (x86)\cygwin/http%3a%2f%2fmirrors.163.com%2fcygwin%2f/x86_64/release/libpipeline/libpipeline1/libpipeline1-1.3.0-3.tar.xz
2014/08/21 19:51:13 Extracting from file://C:\Program Files (x86)\cygwin/http%3a%2f%2fmirrors.163.com%2fcygwin%2f/x86_64/release/readline/libreadline7/libreadline7-6.2-1.tar.bz2
2014/08/21 19:51:13 Extracting from file://C:\Program Files (x86)\cygwin/http%3a%2f%2fmirrors.163.com%2fcygwin%2f/x86_64/release/libssh2/libssh2-debuginfo/libssh2-debuginfo-1.4.2-1.tar.bz2
2014/08/21 19:51:13 Extracting from file://C:\Program Files (x86)\cygwin/http%3a%2f%2fmirrors.163.com%2fcygwin%2f/x86_64/release/libssh2/libssh2-devel/libssh2-devel-1.4.2-1.tar.bz2
2014/08/21 19:51:14 Extracting from file://C:\Program Files (x86)\cygwin/http%3a%2f%2fmirrors.163.com%2fcygwin%2f/x86_64/release/libssh2/libssh2_1/libssh2_1-1.4.2-1.tar.bz2
2014/08/21 19:51:14 Extracting from file://C:\Program Files (x86)\cygwin/http%3a%2f%2fmirrors.163.com%2fcygwin%2f/x86_64/release/gcc/libssp0/libssp0-4.8.3-3.tar.xz
2014/08/21 19:51:14 Extracting from file://C:\Program Files (x86)\cygwin/http%3a%2f%2fmirrors.163.com%2fcygwin%2f/x86_64/release/gcc/libstdc++6/libstdc++6-4.8.3-3.tar.xz
2014/08/21 19:51:14 Extracting from file://C:\Program Files (x86)\cygwin/http%3a%2f%2fmirrors.163.com%2fcygwin%2f/x86_64/release/libtasn1/libtasn1_6/libtasn1_6-3.3-1.tar.bz2
2014/08/21 19:51:14 Extracting from file://C:\Program Files (x86)\cygwin/http%3a%2f%2fmirrors.163.com%2fcygwin%2f/x86_64/release/util-linux/libuuid1/libuuid1-2.24.2-1.tar.xz
2014/08/21 19:51:14 Extracting from file://C:\Program Files (x86)\cygwin/http%3a%2f%2fmirrors.163.com%2fcygwin%2f/x86_64/release/tcp_wrappers/libwrap0/libwrap0-7.6-22.tar.xz
2014/08/21 19:51:14 Extracting from file://C:\Program Files (x86)\cygwin/http%3a%2f%2fmirrors.163.com%2fcygwin%2f/x86_64/release/login/login-1.10-10.tar.bz2
2014/08/21 19:51:14 Extracting from file://C:\Program Files (x86)\cygwin/http%3a%2f%2fmirrors.163.com%2fcygwin%2f/x86_64/release/lynx/lynx-2.8.7-2.tar.bz2
2014/08/21 19:51:16 Extracting from file://C:\Program Files (x86)\cygwin/http%3a%2f%2fmirrors.163.com%2fcygwin%2f/x86_64/release/man-db/man-db-2.6.7-2.tar.xz
2014/08/21 19:51:18 Extracting from file://C:\Program Files (x86)\cygwin/http%3a%2f%2fmirrors.163.com%2fcygwin%2f/x86_64/release/mintty/mintty-1.2-beta1-1.tar.bz2
2014/08/21 19:51:18 Extracting from file://C:\Program Files (x86)\cygwin/http%3a%2f%2fmirrors.163.com%2fcygwin%2f/x86_64/release/openssh/openssh-6.6.1p1-3.tar.xz
2014/08/21 19:51:18 Extracting from file://C:\Program Files (x86)\cygwin/http%3a%2f%2fmirrors.163.com%2fcygwin%2f/x86_64/release/openssh/openssh-debuginfo/openssh-debuginfo-6.6.1p1-3.tar.xz
2014/08/21 19:51:20 Extracting from file://C:\Program Files (x86)\cygwin/http%3a%2f%2fmirrors.163.com%2fcygwin%2f/x86_64/release/openssl/openssl-devel/openssl-devel-1.0.1i-1.tar.xz
2014/08/21 19:51:28 Extracting from file://C:\Program Files (x86)\cygwin/http%3a%2f%2fmirrors.163.com%2fcygwin%2f/x86_64/release/p11-kit/p11-kit-0.20.2-1.tar.xz
2014/08/21 19:51:28 Extracting from file://C:\Program Files (x86)\cygwin/http%3a%2f%2fmirrors.163.com%2fcygwin%2f/x86_64/release/p11-kit/p11-kit-trust/p11-kit-trust-0.20.2-1.tar.xz
2014/08/21 19:51:28 Extracting from file://C:\Program Files (x86)\cygwin/http%3a%2f%2fmirrors.163.com%2fcygwin%2f/x86_64/release/popt/popt-1.16-1.tar.xz
2014/08/21 19:51:28 Extracting from file://C:\Program Files (x86)\cygwin/http%3a%2f%2fmirrors.163.com%2fcygwin%2f/x86_64/release/rebase/rebase-4.4.1-1.tar.bz2
2014/08/21 19:51:28 Extracting from file://C:\Program Files (x86)\cygwin/http%3a%2f%2fmirrors.163.com%2fcygwin%2f/x86_64/release/run/run-1.3.1-1.tar.xz
2014/08/21 19:51:28 Extracting from file://C:\Program Files (x86)\cygwin/http%3a%2f%2fmirrors.163.com%2fcygwin%2f/x86_64/release/sed/sed-4.2.2-3.tar.bz2
2014/08/21 19:51:29 Extracting from file://C:\Program Files (x86)\cygwin/http%3a%2f%2fmirrors.163.com%2fcygwin%2f/x86_64/release/tar/tar-1.27.1-1.tar.xz
2014/08/21 19:51:30 Extracting from file://C:\Program Files (x86)\cygwin/http%3a%2f%2fmirrors.163.com%2fcygwin%2f/x86_64/release/ncurses/terminfo/terminfo-5.9-20140524-1.tar.xz
2014/08/21 19:51:32 Extracting from file://C:\Program Files (x86)\cygwin/http%3a%2f%2fmirrors.163.com%2fcygwin%2f/x86_64/release/texinfo/texinfo-5.2-1.tar.xz
2014/08/21 19:51:34 Extracting from file://C:\Program Files (x86)\cygwin/http%3a%2f%2fmirrors.163.com%2fcygwin%2f/x86_64/release/tzcode/tzcode-2013c-1.tar.bz2
2014/08/21 19:51:42 Extracting from file://C:\Program Files (x86)\cygwin/http%3a%2f%2fmirrors.163.com%2fcygwin%2f/x86_64/release/util-linux/util-linux-2.24.2-1.tar.xz
2014/08/21 19:51:43 Extracting from file://C:\Program Files (x86)\cygwin/http%3a%2f%2fmirrors.163.com%2fcygwin%2f/x86_64/release/vim/vim-minimal/vim-minimal-7.4.335-1.tar.xz
2014/08/21 19:51:43 Extracting from file://C:\Program Files (x86)\cygwin/http%3a%2f%2fmirrors.163.com%2fcygwin%2f/x86_64/release/which/which-2.20-2.tar.bz2
2014/08/21 19:51:43 Extracting from file://C:\Program Files (x86)\cygwin/http%3a%2f%2fmirrors.163.com%2fcygwin%2f/x86_64/release/windows-default-manifest/windows-default-manifest-6.3-1.tar.xz
2014/08/21 19:51:43 Extracting from file://C:\Program Files (x86)\cygwin/http%3a%2f%2fmirrors.163.com%2fcygwin%2f/x86_64/release/xz/xz-5.0.5-1.tar.xz
2014/08/21 19:51:43 Extracting from file://C:\Program Files (x86)\cygwin/http%3a%2f%2fmirrors.163.com%2fcygwin%2f/x86_64/release/zlib/zlib-devel/zlib-devel-1.2.8-1.tar.bz2
2014/08/21 19:51:43 Extracting from file://C:\Program Files (x86)\cygwin/http%3a%2f%2fmirrors.163.com%2fcygwin%2f/x86_64/release/zlib/zlib0/zlib0-1.2.8-1.tar.bz2
2014/08/21 19:51:43 Extracting from file://C:\Program Files (x86)\cygwin/http%3a%2f%2fmirrors.163.com%2fcygwin%2f/x86_64/release/openssh/openssh-6.6.1p1-3-src.tar.xz
2014/08/21 19:51:43 Changing gid back to original
2014/08/21 19:51:43 running: C:\cygwin64\bin\bash.exe --norc --noprofile "/etc/postinstall/000-cygwin-post-install.sh"
2014/08/21 19:51:45 running: C:\cygwin64\bin\bash.exe --norc --noprofile "/etc/postinstall/update-info-dir.sh"
2014/08/21 19:51:46 running: C:\cygwin64\bin\bash.exe --norc --noprofile "/etc/postinstall/bash.sh"
2014/08/21 19:51:47 running: C:\cygwin64\bin\bash.exe --norc --noprofile "/etc/postinstall/coreutils.sh"
2014/08/21 19:51:47 running: cmd.exe /c "C:\cygwin64\etc\postinstall\autorebase.bat"
2014/08/21 19:51:48 running: C:\cygwin64\bin\bash.exe --norc --noprofile "/etc/postinstall/ca-certificates.sh"
2014/08/21 19:51:49 running: C:\cygwin64\bin\bash.exe --norc --noprofile "/etc/postinstall/base-files-mketc.sh"
2014/08/21 19:51:50 running: C:\cygwin64\bin\bash.exe --norc --noprofile "/etc/postinstall/base-files-profile.sh"
2014/08/21 19:51:51 running: C:\cygwin64\bin\bash.exe --norc --noprofile "/etc/postinstall/lynx.sh"
2014/08/21 19:51:51 running: C:\cygwin64\bin\bash.exe --norc --noprofile "/etc/postinstall/man-db.sh"
2014/08/21 19:51:51 Changing gid to Administrators
2014/08/21 19:52:51 note: Installation Complete
2014/08/21 19:52:51 Ending cygwin install
